[35m[Appium][39m Welcome to Appium v1.22.3
[35m[Appium][39m Non-default server args:
[35m[Appium][39m   port: 53521
[35m[Appium][39m   loglevel: info
[35m[Appium][39m   tmpDir: /var/folders/wq/rwcxp96n0b32nvldh9x6vq6m0000gn/T//Katalon/Appium/Temp1667188636858
[35m[Appium][39m   chromedriverPort: 53527
[35m[Appium][39m Deprecated server args:
[35m[Appium][39m   [31m--chromedriver-port[39m => --default-capabilities
[35m[Appium][39m Default capabilities, which will be added to each request unless overridden by desired capabilities:
[35m[Appium][39m   chromedriverPort: 53527
[35m[Appium][39m Appium REST http interface listener started on 0.0.0.0:53521
[35m[HTTP][39m [37m-->[39m [37mGET[39m [37m/wd/hub/status[39m
[35m[HTTP][39m [90m{}[39m
[35m[HTTP][39m [37m<-- GET /wd/hub/status [39m[32m200[39m [90m4 ms - 68[39m
[35m[HTTP][39m [90m[39m
[35m[HTTP][39m [37m-->[39m [37mGET[39m [37m/wd/hub/status[39m
[35m[HTTP][39m [90m{}[39m
[35m[HTTP][39m [37m<-- GET /wd/hub/status [39m[32m200[39m [90m1 ms - 68[39m
[35m[HTTP][39m [90m[39m
[35m[HTTP][39m [37m-->[39m [37mPOST[39m [37m/wd/hub/session[39m
[35m[HTTP][39m [90m{"desiredCapabilities":{"app":"/Users/sandikurnia/Downloads/apk-staging-for-iqbal.apk","noReset":true,"deviceName":"emulator-5554 (Android SDK built for arm64 - Android 10)","fullReset":false,"platform":"ANDROID","newCommandTimeout":1800,"platformVersion":"10","automationName":"uiautomator2","autoGrantPermissions":true,"platformName":"Android","udid":"emulator-5554","systemPort":53536},"capabilities":{"firstMatch":[{"appium:app":"/Users/sandikurnia/Downloads/apk-staging-for-iqbal.apk","appium:autoGrantPermissions":true,"appium:automationName":"uiautomator2","appium:deviceName":"emulator-5554 (Android SDK built for arm64 - Android 10)","appium:fullReset":false,"appium:newCommandTimeout":1800,"appium:noReset":true,"platform":"ANDROID","platformName":"android","appium:platformVersion":"10","appium:systemPort":53536,"appium:udid":"emulator-5554"}]}}[39m
[35m[BaseDriver][39m The following capabilities are not standard capabilities and should have an extension prefix:
[35m[BaseDriver][39m   platform
[35m[BaseDriver][39m   chromedriverPort
[35m[Appium][39m Appium v1.22.3 creating new AndroidUiautomator2Driver (v1.70.1) session
[35m[BaseDriver][39m The following capabilities were provided, but are not recognized by Appium:
[35m[BaseDriver][39m   platform
[35m[BaseDriver][39m Session created with session id: 4c6e97a6-424b-49e7-b65f-6f1e4fe8b37f
[35m[BaseDriver][39m Using local app '/Users/sandikurnia/Downloads/apk-staging-for-iqbal.apk'
[35m[ADB][39m Found 1 'build-tools' folders under '/Users/sandikurnia/.katalon/tools/android_sdk' (newest first):
[35m[ADB][39m     /Users/sandikurnia/.katalon/tools/android_sdk/build-tools/29.0.3
[35m[ADB][39m Using 'adb' from '/Users/sandikurnia/.katalon/tools/android_sdk/platform-tools/adb'
[35m[AndroidDriver][39m Retrieving device list
[35m[AndroidDriver][39m Using device: emulator-5554
[35m[ADB][39m Using 'adb' from '/Users/sandikurnia/.katalon/tools/android_sdk/platform-tools/adb'
[35m[ADB][39m Getting device platform version
[35m[UiAutomator2][39m Relaxing hidden api policy
[35m[ADB][39m Package name: 'staging.cicle'
[35m[ADB][39m Main activity name: 'staging.cicle.MainActivity'
[35m[ADB][39m Using 'apksigner.jar' from '/Users/sandikurnia/.katalon/tools/android_sdk/build-tools/29.0.3/lib/apksigner.jar'
[35m[ADB][39m '/opt/node/v16.17.1/lib/node_modules/appium/node_modules/appium-uiautomator2-server/apks/appium-uiautomator2-server-v4.27.0.apk' is signed with the default certificate
[35m[ADB][39m '/opt/node/v16.17.1/lib/node_modules/appium/node_modules/appium-uiautomator2-server/apks/appium-uiautomator2-server-debug-androidTest.apk' is signed with the default certificate
[35m[UiAutomator2][39m Server packages are not going to be (re)installed
[35m[ADB][39m Adding packages ["io.appium.settings","io.appium.uiautomator2.server","io.appium.uiautomator2.server.test"] to Doze whitelist
[35m[ADB][39m '/Users/sandikurnia/Downloads/apk-staging-for-iqbal.apk' is signed with a non-default certificate
[35m[ADB][39m The application at '/Users/sandikurnia/Downloads/apk-staging-for-iqbal.apk' will not be cached, because the device under test has confirmed the support of streamed installs
[35m[ADB][39m The installation of 'apk-staging-for-iqbal.apk' took 732ms
[35m[UiAutomator2][39m Starting UIAutomator2 server 4.27.0
[35m[UiAutomator2][39m Using UIAutomator2 server from '/opt/node/v16.17.1/lib/node_modules/appium/node_modules/appium-uiautomator2-server/apks/appium-uiautomator2-server-v4.27.0.apk' and test from '/opt/node/v16.17.1/lib/node_modules/appium/node_modules/appium-uiautomator2-server/apks/appium-uiautomator2-server-debug-androidTest.apk'
[35m[UiAutomator2][39m Waiting up to 30000ms for UiAutomator2 to be online...
[35m[WD Proxy][39m socket hang up
[35m[WD Proxy][39m socket hang up
[35m[WD Proxy][39m Determined the downstream protocol as 'W3C'
[35m[AndroidDriver][39m Screen already unlocked, doing nothing
[35m[UiAutomator2][39m Starting 'staging.cicle/staging.cicle.MainActivity and waiting for 'staging.cicle/staging.cicle.MainActivity'
[35m[Appium][39m New AndroidUiautomator2Driver session created successfully, session 4c6e97a6-424b-49e7-b65f-6f1e4fe8b37f added to master session list
[35m[HTTP][39m [37m<-- POST /wd/hub/session [39m[32m200[39m [90m8235 ms - 1309[39m
[35m[HTTP][39m [90m[39m
[35m[HTTP][39m [37m-->[39m [37mGET[39m [37m/wd/hub/session/4c6e97a6-424b-49e7-b65f-6f1e4fe8b37f[39m
[35m[HTTP][39m [90m{}[39m
[35m[HTTP][39m [37m<-- GET /wd/hub/session/4c6e97a6-424b-49e7-b65f-6f1e4fe8b37f [39m[32m200[39m [90m17 ms - 1263[39m
[35m[HTTP][39m [90m[39m
[35m[HTTP][39m [37m-->[39m [37mGET[39m [37m/wd/hub/session/4c6e97a6-424b-49e7-b65f-6f1e4fe8b37f[39m
[35m[HTTP][39m [90m{}[39m
[35m[HTTP][39m [37m<-- GET /wd/hub/session/4c6e97a6-424b-49e7-b65f-6f1e4fe8b37f [39m[32m200[39m [90m12 ms - 1263[39m
[35m[HTTP][39m [90m[39m
[35m[HTTP][39m [37m-->[39m [37mGET[39m [37m/wd/hub/status[39m
[35m[HTTP][39m [90m{}[39m
[35m[HTTP][39m [37m<-- GET /wd/hub/status [39m[32m200[39m [90m1 ms - 68[39m
[35m[HTTP][39m [90m[39m
[35m[HTTP][39m [37m-->[39m [37mPOST[39m [37m/wd/hub/session/4c6e97a6-424b-49e7-b65f-6f1e4fe8b37f/timeouts[39m
[35m[HTTP][39m [90m{"implicit":60000}[39m
[35m[HTTP][39m [37m<-- POST /wd/hub/session/4c6e97a6-424b-49e7-b65f-6f1e4fe8b37f/timeouts [39m[32m200[39m [90m3 ms - 14[39m
[35m[HTTP][39m [90m[39m
[35m[HTTP][39m [37m-->[39m [37mGET[39m [37m/wd/hub/session/4c6e97a6-424b-49e7-b65f-6f1e4fe8b37f/source[39m
[35m[HTTP][39m [90m{}[39m
[35m[W3C (4c6e97a6)][39m Driver proxy active, passing request on via HTTP proxy
[35m[WD Proxy][39m Replacing sessionId 0b18f42a-880c-490e-b88e-0e3601bd0ee3 with 4c6e97a6-424b-49e7-b65f-6f1e4fe8b37f
[35m[HTTP][39m [37m<-- GET /wd/hub/session/4c6e97a6-424b-49e7-b65f-6f1e4fe8b37f/source [39m[32m200[39m [90m237 ms - 3954[39m
[35m[HTTP][39m [90m[39m
[35m[HTTP][39m [37m-->[39m [37mGET[39m [37m/wd/hub/session/4c6e97a6-424b-49e7-b65f-6f1e4fe8b37f/screenshot[39m
[35m[HTTP][39m [90m{}[39m
[35m[HTTP][39m [37m<-- GET /wd/hub/session/4c6e97a6-424b-49e7-b65f-6f1e4fe8b37f/screenshot [39m[32m200[39m [90m213 ms - 40626[39m
[35m[HTTP][39m [90m[39m
[35m[HTTP][39m [37m-->[39m [37mGET[39m [37m/wd/hub/session/4c6e97a6-424b-49e7-b65f-6f1e4fe8b37f/source[39m
[35m[HTTP][39m [90m{}[39m
[35m[W3C (4c6e97a6)][39m Driver proxy active, passing request on via HTTP proxy
[35m[WD Proxy][39m Replacing sessionId 0b18f42a-880c-490e-b88e-0e3601bd0ee3 with 4c6e97a6-424b-49e7-b65f-6f1e4fe8b37f
[35m[HTTP][39m [37m<-- GET /wd/hub/session/4c6e97a6-424b-49e7-b65f-6f1e4fe8b37f/source [39m[32m200[39m [90m62 ms - 6894[39m
[35m[HTTP][39m [90m[39m
[35m[HTTP][39m [37m-->[39m [37mGET[39m [37m/wd/hub/session/4c6e97a6-424b-49e7-b65f-6f1e4fe8b37f/screenshot[39m
[35m[HTTP][39m [90m{}[39m
[35m[HTTP][39m [37m<-- GET /wd/hub/session/4c6e97a6-424b-49e7-b65f-6f1e4fe8b37f/screenshot [39m[32m200[39m [90m229 ms - 210272[39m
[35m[HTTP][39m [90m[39m
[35m[HTTP][39m [37m-->[39m [37mGET[39m [37m/wd/hub/session/4c6e97a6-424b-49e7-b65f-6f1e4fe8b37f/source[39m
[35m[HTTP][39m [90m{}[39m
[35m[W3C (4c6e97a6)][39m Driver proxy active, passing request on via HTTP proxy
[35m[WD Proxy][39m Replacing sessionId 0b18f42a-880c-490e-b88e-0e3601bd0ee3 with 4c6e97a6-424b-49e7-b65f-6f1e4fe8b37f
[35m[HTTP][39m [37m<-- GET /wd/hub/session/4c6e97a6-424b-49e7-b65f-6f1e4fe8b37f/source [39m[32m200[39m [90m70 ms - 16151[39m
[35m[HTTP][39m [90m[39m
[35m[HTTP][39m [37m-->[39m [37mGET[39m [37m/wd/hub/session/4c6e97a6-424b-49e7-b65f-6f1e4fe8b37f/screenshot[39m
[35m[HTTP][39m [90m{}[39m
[35m[HTTP][39m [37m<-- GET /wd/hub/session/4c6e97a6-424b-49e7-b65f-6f1e4fe8b37f/screenshot [39m[32m200[39m [90m227 ms - 189090[39m
[35m[HTTP][39m [90m[39m
[35m[HTTP][39m [37m-->[39m [37mPOST[39m [37m/wd/hub/session/4c6e97a6-424b-49e7-b65f-6f1e4fe8b37f/elements[39m
[35m[HTTP][39m [90m{"using":"xpath","value":"//*[@class = 'android.view.View' and @resource-id = '' and (@text = '' or . = '')]"}[39m
[35m[HTTP][39m [37m<-- POST /wd/hub/session/4c6e97a6-424b-49e7-b65f-6f1e4fe8b37f/elements [39m[32m200[39m [90m155 ms - 2827[39m
[35m[HTTP][39m [90m[39m
[35m[HTTP][39m [37m-->[39m [37mPOST[39m [37m/wd/hub/session/4c6e97a6-424b-49e7-b65f-6f1e4fe8b37f/elements[39m
[35m[HTTP][39m [90m{"using":"-android uiautomator","value":"new UiSelector().className(\"android.view.View\").resourceId(\"\")"}[39m
[35m[HTTP][39m [37m<-- POST /wd/hub/session/4c6e97a6-424b-49e7-b65f-6f1e4fe8b37f/elements [39m[32m200[39m [90m58 ms - 2827[39m
[35m[HTTP][39m [90m[39m
[35m[HTTP][39m [37m-->[39m [37mPOST[39m [37m/wd/hub/session/4c6e97a6-424b-49e7-b65f-6f1e4fe8b37f/timeouts[39m
[35m[HTTP][39m [90m{"implicit":1000}[39m
[35m[HTTP][39m [37m<-- POST /wd/hub/session/4c6e97a6-424b-49e7-b65f-6f1e4fe8b37f/timeouts [39m[32m200[39m [90m1 ms - 14[39m
[35m[HTTP][39m [90m[39m
[35m[HTTP][39m [37m-->[39m [37mPOST[39m [37m/wd/hub/session/4c6e97a6-424b-49e7-b65f-6f1e4fe8b37f/elements[39m
[35m[HTTP][39m [90m{"using":"xpath","value":"//hierarchy/android.widget.FrameLayout[1]/android.widget.LinearLayout[1]/android.widget.FrameLayout[1]/android.widget.FrameLayout[1]/android.widget.FrameLayout[1]/android.view.View[1]/android.view.View[1]/android.view.View[1]"}[39m
[35m[HTTP][39m [37m<-- POST /wd/hub/session/4c6e97a6-424b-49e7-b65f-6f1e4fe8b37f/elements [39m[32m200[39m [90m37 ms - 139[39m
[35m[HTTP][39m [90m[39m
[35m[HTTP][39m [37m-->[39m [37mGET[39m [37m/wd/hub/session/4c6e97a6-424b-49e7-b65f-6f1e4fe8b37f/element/00000000-0000-076c-0000-005400000004/location[39m
[35m[HTTP][39m [90m{}[39m
[35m[W3C (4c6e97a6)][39m Driver proxy active, passing request on via HTTP proxy
[35m[WD Proxy][39m Replacing sessionId 0b18f42a-880c-490e-b88e-0e3601bd0ee3 with 4c6e97a6-424b-49e7-b65f-6f1e4fe8b37f
[35m[HTTP][39m [37m<-- GET /wd/hub/session/4c6e97a6-424b-49e7-b65f-6f1e4fe8b37f/element/00000000-0000-076c-0000-005400000004/location [39m[32m200[39m [90m7 ms - 74[39m
[35m[HTTP][39m [90m[39m
[35m[HTTP][39m [37m-->[39m [37mGET[39m [37m/wd/hub/session/4c6e97a6-424b-49e7-b65f-6f1e4fe8b37f/element/00000000-0000-076c-0000-005400000004/size[39m
[35m[HTTP][39m [90m{}[39m
[35m[W3C (4c6e97a6)][39m Driver proxy active, passing request on via HTTP proxy
[35m[WD Proxy][39m Replacing sessionId 0b18f42a-880c-490e-b88e-0e3601bd0ee3 with 4c6e97a6-424b-49e7-b65f-6f1e4fe8b37f
[35m[HTTP][39m [37m<-- GET /wd/hub/session/4c6e97a6-424b-49e7-b65f-6f1e4fe8b37f/element/00000000-0000-076c-0000-005400000004/size [39m[32m200[39m [90m7 ms - 89[39m
[35m[HTTP][39m [90m[39m
[35m[HTTP][39m [37m-->[39m [37mGET[39m [37m/wd/hub/session/4c6e97a6-424b-49e7-b65f-6f1e4fe8b37f/source[39m
[35m[HTTP][39m [90m{}[39m
[35m[W3C (4c6e97a6)][39m Driver proxy active, passing request on via HTTP proxy
[35m[WD Proxy][39m Replacing sessionId 0b18f42a-880c-490e-b88e-0e3601bd0ee3 with 4c6e97a6-424b-49e7-b65f-6f1e4fe8b37f
[35m[HTTP][39m [37m<-- GET /wd/hub/session/4c6e97a6-424b-49e7-b65f-6f1e4fe8b37f/source [39m[32m200[39m [90m94 ms - 14047[39m
[35m[HTTP][39m [90m[39m
[35m[HTTP][39m [37m-->[39m [37mGET[39m [37m/wd/hub/session/4c6e97a6-424b-49e7-b65f-6f1e4fe8b37f/screenshot[39m
[35m[HTTP][39m [90m{}[39m
[35m[HTTP][39m [37m<-- GET /wd/hub/session/4c6e97a6-424b-49e7-b65f-6f1e4fe8b37f/screenshot [39m[32m200[39m [90m226 ms - 172758[39m
[35m[HTTP][39m [90m[39m
[35m[HTTP][39m [37m-->[39m [37mPOST[39m [37m/wd/hub/session/4c6e97a6-424b-49e7-b65f-6f1e4fe8b37f/elements[39m
[35m[HTTP][39m [90m{"using":"xpath","value":"//*[@class = 'android.view.View' and @resource-id = '' and (@text = '' or . = '')]"}[39m
[35m[HTTP][39m [37m<-- POST /wd/hub/session/4c6e97a6-424b-49e7-b65f-6f1e4fe8b37f/elements [39m[32m200[39m [90m63 ms - 1931[39m
[35m[HTTP][39m [90m[39m
[35m[HTTP][39m [37m-->[39m [37mPOST[39m [37m/wd/hub/session/4c6e97a6-424b-49e7-b65f-6f1e4fe8b37f/elements[39m
[35m[HTTP][39m [90m{"using":"-android uiautomator","value":"new UiSelector().className(\"android.view.View\").resourceId(\"\")"}[39m
[35m[HTTP][39m [37m<-- POST /wd/hub/session/4c6e97a6-424b-49e7-b65f-6f1e4fe8b37f/elements [39m[32m200[39m [90m40 ms - 1931[39m
[35m[HTTP][39m [90m[39m
[35m[HTTP][39m [37m-->[39m [37mPOST[39m [37m/wd/hub/session/4c6e97a6-424b-49e7-b65f-6f1e4fe8b37f/elements[39m
[35m[HTTP][39m [90m{"using":"xpath","value":"//*[@class = 'android.widget.FrameLayout' and (@text = '' or . = '')]"}[39m
[35m[HTTP][39m [37m<-- POST /wd/hub/session/4c6e97a6-424b-49e7-b65f-6f1e4fe8b37f/elements [39m[32m200[39m [90m80 ms - 523[39m
[35m[HTTP][39m [90m[39m
[35m[HTTP][39m [37m-->[39m [37mPOST[39m [37m/wd/hub/session/4c6e97a6-424b-49e7-b65f-6f1e4fe8b37f/elements[39m
[35m[HTTP][39m [90m{"using":"-android uiautomator","value":"new UiSelector().className(\"android.widget.FrameLayout\")"}[39m
[35m[HTTP][39m [37m<-- POST /wd/hub/session/4c6e97a6-424b-49e7-b65f-6f1e4fe8b37f/elements [39m[32m200[39m [90m23 ms - 523[39m
[35m[HTTP][39m [90m[39m
[35m[HTTP][39m [37m-->[39m [37mPOST[39m [37m/wd/hub/session/4c6e97a6-424b-49e7-b65f-6f1e4fe8b37f/elements[39m
[35m[HTTP][39m [90m{"using":"xpath","value":"//*[@class = 'android.view.View' and @resource-id = '' and (@text = '' or . = '')]"}[39m
[35m[HTTP][39m [37m<-- POST /wd/hub/session/4c6e97a6-424b-49e7-b65f-6f1e4fe8b37f/elements [39m[32m200[39m [90m55 ms - 1931[39m
[35m[HTTP][39m [90m[39m
[35m[HTTP][39m [37m-->[39m [37mPOST[39m [37m/wd/hub/session/4c6e97a6-424b-49e7-b65f-6f1e4fe8b37f/elements[39m
[35m[HTTP][39m [90m{"using":"-android uiautomator","value":"new UiSelector().className(\"android.view.View\").resourceId(\"\")"}[39m
[35m[HTTP][39m [37m<-- POST /wd/hub/session/4c6e97a6-424b-49e7-b65f-6f1e4fe8b37f/elements [39m[32m200[39m [90m42 ms - 1931[39m
[35m[HTTP][39m [90m[39m
[35m[HTTP][39m [37m-->[39m [37mPOST[39m [37m/wd/hub/session/4c6e97a6-424b-49e7-b65f-6f1e4fe8b37f/timeouts[39m
[35m[HTTP][39m [90m{"implicit":1000}[39m
[35m[HTTP][39m [37m<-- POST /wd/hub/session/4c6e97a6-424b-49e7-b65f-6f1e4fe8b37f/timeouts [39m[32m200[39m [90m4 ms - 14[39m
[35m[HTTP][39m [90m[39m
[35m[HTTP][39m [37m-->[39m [37mPOST[39m [37m/wd/hub/session/4c6e97a6-424b-49e7-b65f-6f1e4fe8b37f/elements[39m
[35m[HTTP][39m [90m{"using":"xpath","value":"//hierarchy/android.widget.FrameLayout[1]/android.widget.LinearLayout[1]/android.widget.FrameLayout[1]/android.widget.FrameLayout[1]/android.widget.FrameLayout[1]/android.view.View[1]/android.view.View[1]/android.view.View[1]"}[39m
[35m[HTTP][39m [37m<-- POST /wd/hub/session/4c6e97a6-424b-49e7-b65f-6f1e4fe8b37f/elements [39m[32m200[39m [90m71 ms - 139[39m
[35m[HTTP][39m [90m[39m
[35m[HTTP][39m [37m-->[39m [37mGET[39m [37m/wd/hub/session/4c6e97a6-424b-49e7-b65f-6f1e4fe8b37f/element/00000000-0000-076c-0000-00b500000004/location[39m
[35m[HTTP][39m [90m{}[39m
[35m[W3C (4c6e97a6)][39m Driver proxy active, passing request on via HTTP proxy
[35m[WD Proxy][39m Replacing sessionId 0b18f42a-880c-490e-b88e-0e3601bd0ee3 with 4c6e97a6-424b-49e7-b65f-6f1e4fe8b37f
[35m[HTTP][39m [37m<-- GET /wd/hub/session/4c6e97a6-424b-49e7-b65f-6f1e4fe8b37f/element/00000000-0000-076c-0000-00b500000004/location [39m[32m200[39m [90m8 ms - 74[39m
[35m[HTTP][39m [90m[39m
[35m[HTTP][39m [37m-->[39m [37mGET[39m [37m/wd/hub/session/4c6e97a6-424b-49e7-b65f-6f1e4fe8b37f/element/00000000-0000-076c-0000-00b500000004/size[39m
[35m[HTTP][39m [90m{}[39m
[35m[W3C (4c6e97a6)][39m Driver proxy active, passing request on via HTTP proxy
[35m[WD Proxy][39m Replacing sessionId 0b18f42a-880c-490e-b88e-0e3601bd0ee3 with 4c6e97a6-424b-49e7-b65f-6f1e4fe8b37f
[35m[HTTP][39m [37m<-- GET /wd/hub/session/4c6e97a6-424b-49e7-b65f-6f1e4fe8b37f/element/00000000-0000-076c-0000-00b500000004/size [39m[32m200[39m [90m10 ms - 89[39m
[35m[HTTP][39m [90m[39m
[35m[HTTP][39m [37m-->[39m [37mDELETE[39m [37m/wd/hub/session/4c6e97a6-424b-49e7-b65f-6f1e4fe8b37f[39m
[35m[HTTP][39m [90m{}[39m
[35m[Appium][39m Removing session 4c6e97a6-424b-49e7-b65f-6f1e4fe8b37f from our master session list
[35m[UiAutomator2][39m Restoring hidden api policy to the device default configuration
[35m[HTTP][39m [37m<-- DELETE /wd/hub/session/4c6e97a6-424b-49e7-b65f-6f1e4fe8b37f [39m[32m200[39m [90m1555 ms - 14[39m
[35m[HTTP][39m [90m[39m
